  ex2.cpp
D:\oaiplab14\ex2\ex2\ex2.cpp(8,12): warning C4566: символ, представленный универсальным именем символа "\u0412", невозможно представить в текущей кодовой странице (1250)
D:\oaiplab14\ex2\ex2\ex2.cpp(8,12): warning C4566: символ, представленный универсальным именем символа "\u0432", невозможно представить в текущей кодовой странице (1250)
D:\oaiplab14\ex2\ex2\ex2.cpp(8,12): warning C4566: символ, представленный универсальным именем символа "\u0435", невозможно представить в текущей кодовой странице (1250)
D:\oaiplab14\ex2\ex2\ex2.cpp(8,12): warning C4566: символ, представленный универсальным именем символа "\u0434", невозможно представить в текущей кодовой странице (1250)
D:\oaiplab14\ex2\ex2\ex2.cpp(8,12): warning C4566: символ, представленный универсальным именем символа "\u0438", невозможно представить в текущей кодовой странице (1250)
D:\oaiplab14\ex2\ex2\ex2.cpp(8,12): warning C4566: символ, представленный универсальным именем символа "\u0442", невозможно представить в текущей кодовой странице (1250)
D:\oaiplab14\ex2\ex2\ex2.cpp(8,12): warning C4566: символ, представленный универсальным именем символа "\u0440", невозможно представить в текущей кодовой странице (1250)
D:\oaiplab14\ex2\ex2\ex2.cpp(8,12): warning C4566: символ, представленный универсальным именем символа "\u0430", невозможно представить в текущей кодовой странице (1250)
D:\oaiplab14\ex2\ex2\ex2.cpp(8,12): warning C4566: символ, представленный универсальным именем символа "\u0437", невозможно представить в текущей кодовой странице (1250)
D:\oaiplab14\ex2\ex2\ex2.cpp(8,12): warning C4566: символ, представленный универсальным именем символа "\u043C", невозможно представить в текущей кодовой странице (1250)
D:\oaiplab14\ex2\ex2\ex2.cpp(8,12): warning C4566: символ, представленный универсальным именем символа "\u043D", невозможно представить в текущей кодовой странице (1250)
D:\oaiplab14\ex2\ex2\ex2.cpp(8,12): warning C4566: символ, представленный универсальным именем символа "\u043E", невозможно представить в текущей кодовой странице (1250)
D:\oaiplab14\ex2\ex2\ex2.cpp(8,12): warning C4566: символ, представленный универсальным именем символа "\u0441", невозможно представить в текущей кодовой странице (1250)
D:\oaiplab14\ex2\ex2\ex2.cpp(8,12): warning C4566: символ, представленный универсальным именем символа "\u044C", невозможно представить в текущей кодовой странице (1250)
D:\oaiplab14\ex2\ex2\ex2.cpp(8,12): warning C4566: символ, представленный универсальным именем символа "\u0446", невозможно представить в текущей кодовой странице (1250)
D:\oaiplab14\ex2\ex2\ex2.cpp(8,12): warning C4566: символ, представленный универсальным именем символа "\u044B", невозможно представить в текущей кодовой странице (1250)
D:\oaiplab14\ex2\ex2\ex2.cpp(11,12): warning C4566: символ, представленный универсальным именем символа "\u0412", невозможно представить в текущей кодовой странице (1250)
D:\oaiplab14\ex2\ex2\ex2.cpp(11,12): warning C4566: символ, представленный универсальным именем символа "\u0432", невозможно представить в текущей кодовой странице (1250)
D:\oaiplab14\ex2\ex2\ex2.cpp(11,12): warning C4566: символ, представленный универсальным именем символа "\u0435", невозможно представить в текущей кодовой странице (1250)
D:\oaiplab14\ex2\ex2\ex2.cpp(11,12): warning C4566: символ, представленный универсальным именем символа "\u0434", невозможно представить в текущей кодовой странице (1250)
D:\oaiplab14\ex2\ex2\ex2.cpp(11,12): warning C4566: символ, представленный универсальным именем символа "\u0438", невозможно представить в текущей кодовой странице (1250)
D:\oaiplab14\ex2\ex2\ex2.cpp(11,12): warning C4566: символ, представленный универсальным именем символа "\u0442", невозможно представить в текущей кодовой странице (1250)
D:\oaiplab14\ex2\ex2\ex2.cpp(11,12): warning C4566: символ, представленный универсальным именем символа "\u044D", невозможно представить в текущей кодовой странице (1250)
D:\oaiplab14\ex2\ex2\ex2.cpp(11,12): warning C4566: символ, представленный универсальным именем символа "\u043B", невозможно представить в текущей кодовой странице (1250)
D:\oaiplab14\ex2\ex2\ex2.cpp(11,12): warning C4566: символ, представленный универсальным именем символа "\u043C", невозможно представить в текущей кодовой странице (1250)
D:\oaiplab14\ex2\ex2\ex2.cpp(11,12): warning C4566: символ, представленный универсальным именем символа "\u043D", невозможно представить в текущей кодовой странице (1250)
D:\oaiplab14\ex2\ex2\ex2.cpp(11,12): warning C4566: символ, представленный универсальным именем символа "\u044B", невозможно представить в текущей кодовой странице (1250)
D:\oaiplab14\ex2\ex2\ex2.cpp(11,12): warning C4566: символ, представленный универсальным именем символа "\u0430", невозможно представить в текущей кодовой странице (1250)
D:\oaiplab14\ex2\ex2\ex2.cpp(11,12): warning C4566: символ, представленный универсальным именем символа "\u0440", невозможно представить в текущей кодовой странице (1250)
D:\oaiplab14\ex2\ex2\ex2.cpp(11,12): warning C4566: символ, представленный универсальным именем символа "\u0446", невозможно представить в текущей кодовой странице (1250)
D:\oaiplab14\ex2\ex2\ex2.cpp(18,12): warning C4566: символ, представленный универсальным именем символа "\u0412", невозможно представить в текущей кодовой странице (1250)
D:\oaiplab14\ex2\ex2\ex2.cpp(18,12): warning C4566: символ, представленный универсальным именем символа "\u0432", невозможно представить в текущей кодовой странице (1250)
D:\oaiplab14\ex2\ex2\ex2.cpp(18,12): warning C4566: символ, представленный универсальным именем символа "\u0435", невозможно представить в текущей кодовой странице (1250)
D:\oaiplab14\ex2\ex2\ex2.cpp(18,12): warning C4566: символ, представленный универсальным именем символа "\u0434", невозможно представить в текущей кодовой странице (1250)
D:\oaiplab14\ex2\ex2\ex2.cpp(18,12): warning C4566: символ, представленный универсальным именем символа "\u0438", невозможно представить в текущей кодовой странице (1250)
D:\oaiplab14\ex2\ex2\ex2.cpp(18,12): warning C4566: символ, представленный универсальным именем символа "\u0442", невозможно представить в текущей кодовой странице (1250)
D:\oaiplab14\ex2\ex2\ex2.cpp(18,12): warning C4566: символ, представленный универсальным именем символа "\u043D", невозможно представить в текущей кодовой странице (1250)
D:\oaiplab14\ex2\ex2\ex2.cpp(18,12): warning C4566: символ, представленный универсальным именем символа "\u043E", невозможно представить в текущей кодовой странице (1250)
D:\oaiplab14\ex2\ex2\ex2.cpp(18,12): warning C4566: символ, представленный универсальным именем символа "\u043C", невозможно представить в текущей кодовой странице (1250)
D:\oaiplab14\ex2\ex2\ex2.cpp(18,12): warning C4566: символ, представленный универсальным именем символа "\u0440", невозможно представить в текущей кодовой странице (1250)
D:\oaiplab14\ex2\ex2\ex2.cpp(18,12): warning C4566: символ, представленный универсальным именем символа "\u0441", невозможно представить в текущей кодовой странице (1250)
D:\oaiplab14\ex2\ex2\ex2.cpp(18,12): warning C4566: символ, представленный универсальным именем символа "\u043B", невозможно представить в текущей кодовой странице (1250)
D:\oaiplab14\ex2\ex2\ex2.cpp(18,12): warning C4566: символ, представленный универсальным именем символа "\u0431", невозможно представить в текущей кодовой странице (1250)
D:\oaiplab14\ex2\ex2\ex2.cpp(18,12): warning C4566: символ, представленный универсальным именем символа "\u0446", невозможно представить в текущей кодовой странице (1250)
D:\oaiplab14\ex2\ex2\ex2.cpp(18,12): warning C4566: символ, представленный универсальным именем символа "\u0430", невозможно представить в текущей кодовой странице (1250)
D:\oaiplab14\ex2\ex2\ex2.cpp(28,12): warning C4566: символ, представленный универсальным именем символа "\u0417", невозможно представить в текущей кодовой странице (1250)
D:\oaiplab14\ex2\ex2\ex2.cpp(28,12): warning C4566: символ, представленный универсальным именем символа "\u043D", невозможно представить в текущей кодовой странице (1250)
D:\oaiplab14\ex2\ex2\ex2.cpp(28,12): warning C4566: символ, представленный универсальным именем символа "\u0430", невозможно представить в текущей кодовой странице (1250)
D:\oaiplab14\ex2\ex2\ex2.cpp(28,12): warning C4566: символ, представленный универсальным именем символа "\u0447", невозможно представить в текущей кодовой странице (1250)
D:\oaiplab14\ex2\ex2\ex2.cpp(28,12): warning C4566: символ, представленный универсальным именем символа "\u0435", невозможно представить в текущей кодовой странице (1250)
D:\oaiplab14\ex2\ex2\ex2.cpp(28,12): warning C4566: символ, представленный универсальным именем символа "\u0438", невозможно представить в текущей кодовой странице (1250)
  ex2.vcxproj -> D:\oaiplab14\ex2\x64\Debug\ex2.exe
