  exdop1.cpp
D:\oaiplab8\exdop1\exdop1\exdop1.cpp(11,10): warning C4566: символ, представленный универсальным именем символа "\u0418", невозможно представить в текущей кодовой странице (1250)
D:\oaiplab8\exdop1\exdop1\exdop1.cpp(11,10): warning C4566: символ, представленный универсальным именем символа "\u0437", невозможно представить в текущей кодовой странице (1250)
D:\oaiplab8\exdop1\exdop1\exdop1.cpp(11,10): warning C4566: символ, представленный универсальным именем символа "\u0441", невозможно представить в текущей кодовой странице (1250)
D:\oaiplab8\exdop1\exdop1\exdop1.cpp(11,10): warning C4566: символ, представленный универсальным именем символа "\u043A", невозможно представить в текущей кодовой странице (1250)
D:\oaiplab8\exdop1\exdop1\exdop1.cpp(11,10): warning C4566: символ, представленный универсальным именем символа "\u043E", невозможно представить в текущей кодовой странице (1250)
D:\oaiplab8\exdop1\exdop1\exdop1.cpp(11,10): warning C4566: символ, представленный универсальным именем символа "\u043B", невозможно представить в текущей кодовой странице (1250)
D:\oaiplab8\exdop1\exdop1\exdop1.cpp(11,10): warning C4566: символ, представленный универсальным именем символа "\u044C", невозможно представить в текущей кодовой странице (1250)
D:\oaiplab8\exdop1\exdop1\exdop1.cpp(11,10): warning C4566: символ, представленный универсальным именем символа "\u0438", невозможно представить в текущей кодовой странице (1250)
D:\oaiplab8\exdop1\exdop1\exdop1.cpp(11,10): warning C4566: символ, представленный универсальным именем символа "\u044D", невозможно представить в текущей кодовой странице (1250)
D:\oaiplab8\exdop1\exdop1\exdop1.cpp(11,10): warning C4566: символ, представленный универсальным именем символа "\u0435", невозможно представить в текущей кодовой странице (1250)
D:\oaiplab8\exdop1\exdop1\exdop1.cpp(11,10): warning C4566: символ, представленный универсальным именем символа "\u043C", невозможно представить в текущей кодовой странице (1250)
D:\oaiplab8\exdop1\exdop1\exdop1.cpp(11,10): warning C4566: символ, представленный универсальным именем символа "\u043D", невозможно представить в текущей кодовой странице (1250)
D:\oaiplab8\exdop1\exdop1\exdop1.cpp(11,10): warning C4566: символ, представленный универсальным именем символа "\u0442", невозможно представить в текущей кодовой странице (1250)
D:\oaiplab8\exdop1\exdop1\exdop1.cpp(11,10): warning C4566: символ, представленный универсальным именем символа "\u0432", невозможно представить в текущей кодовой странице (1250)
D:\oaiplab8\exdop1\exdop1\exdop1.cpp(11,10): warning C4566: символ, представленный универсальным именем символа "\u0434", невозможно представить в текущей кодовой странице (1250)
D:\oaiplab8\exdop1\exdop1\exdop1.cpp(11,10): warning C4566: символ, представленный универсальным именем символа "\u0430", невозможно представить в текущей кодовой странице (1250)
D:\oaiplab8\exdop1\exdop1\exdop1.cpp(11,10): warning C4566: символ, представленный универсальным именем символа "\u043F", невозможно представить в текущей кодовой странице (1250)
D:\oaiplab8\exdop1\exdop1\exdop1.cpp(15,11): warning C4566: символ, представленный универсальным именем символа "\u0412", невозможно представить в текущей кодовой странице (1250)
D:\oaiplab8\exdop1\exdop1\exdop1.cpp(15,11): warning C4566: символ, представленный универсальным именем символа "\u0432", невозможно представить в текущей кодовой странице (1250)
D:\oaiplab8\exdop1\exdop1\exdop1.cpp(15,11): warning C4566: символ, представленный универсальным именем символа "\u0435", невозможно представить в текущей кодовой странице (1250)
D:\oaiplab8\exdop1\exdop1\exdop1.cpp(15,11): warning C4566: символ, представленный универсальным именем символа "\u0434", невозможно представить в текущей кодовой странице (1250)
D:\oaiplab8\exdop1\exdop1\exdop1.cpp(15,11): warning C4566: символ, представленный универсальным именем символа "\u0438", невозможно представить в текущей кодовой странице (1250)
D:\oaiplab8\exdop1\exdop1\exdop1.cpp(15,11): warning C4566: символ, представленный универсальным именем символа "\u0442", невозможно представить в текущей кодовой странице (1250)
D:\oaiplab8\exdop1\exdop1\exdop1.cpp(22,10): warning C4566: символ, представленный универсальным именем символа "\u0421", невозможно представить в текущей кодовой странице (1250)
D:\oaiplab8\exdop1\exdop1\exdop1.cpp(22,10): warning C4566: символ, представленный универсальным именем символа "\u0443", невозможно представить в текущей кодовой странице (1250)
D:\oaiplab8\exdop1\exdop1\exdop1.cpp(22,10): warning C4566: символ, представленный универсальным именем символа "\u043C", невозможно представить в текущей кодовой странице (1250)
D:\oaiplab8\exdop1\exdop1\exdop1.cpp(22,10): warning C4566: символ, представленный универсальным именем символа "\u0430", невозможно представить в текущей кодовой странице (1250)
D:\oaiplab8\exdop1\exdop1\exdop1.cpp(22,10): warning C4566: символ, представленный универсальным именем символа "\u0447", невозможно представить в текущей кодовой странице (1250)
D:\oaiplab8\exdop1\exdop1\exdop1.cpp(22,10): warning C4566: символ, представленный универсальным именем символа "\u0451", невозможно представить в текущей кодовой странице (1250)
D:\oaiplab8\exdop1\exdop1\exdop1.cpp(22,10): warning C4566: символ, представленный универсальным именем символа "\u0442", невозможно представить в текущей кодовой странице (1250)
D:\oaiplab8\exdop1\exdop1\exdop1.cpp(22,10): warning C4566: символ, представленный универсальным именем символа "\u043D", невозможно представить в текущей кодовой странице (1250)
D:\oaiplab8\exdop1\exdop1\exdop1.cpp(22,10): warning C4566: символ, представленный универсальным именем символа "\u044B", невозможно представить в текущей кодовой странице (1250)
D:\oaiplab8\exdop1\exdop1\exdop1.cpp(22,10): warning C4566: символ, представленный универсальным именем символа "\u0445", невозможно представить в текущей кодовой странице (1250)
D:\oaiplab8\exdop1\exdop1\exdop1.cpp(22,10): warning C4566: символ, представленный универсальным именем символа "\u044D", невозможно представить в текущей кодовой странице (1250)
D:\oaiplab8\exdop1\exdop1\exdop1.cpp(22,10): warning C4566: символ, представленный универсальным именем символа "\u043B", невозможно представить в текущей кодовой странице (1250)
D:\oaiplab8\exdop1\exdop1\exdop1.cpp(22,10): warning C4566: символ, представленный универсальным именем символа "\u0435", невозможно представить в текущей кодовой странице (1250)
D:\oaiplab8\exdop1\exdop1\exdop1.cpp(22,10): warning C4566: символ, представленный универсальным именем символа "\u043E", невозможно представить в текущей кодовой странице (1250)
D:\oaiplab8\exdop1\exdop1\exdop1.cpp(22,10): warning C4566: символ, представленный универсальным именем символа "\u0432", невозможно представить в текущей кодовой странице (1250)
  exdop1.vcxproj -> D:\oaiplab8\exdop1\x64\Debug\exdop1.exe
