  ex2.cpp
D:\oaiplab12\ex2\ex2\ex2.cpp(30,13): warning C4566: символ, представленный универсальным именем символа "\u041D", невозможно представить в текущей кодовой странице (1250)
D:\oaiplab12\ex2\ex2\ex2.cpp(30,13): warning C4566: символ, представленный универсальным именем символа "\u0430", невозможно представить в текущей кодовой странице (1250)
D:\oaiplab12\ex2\ex2\ex2.cpp(30,13): warning C4566: символ, представленный универсальным именем символа "\u0438", невозможно представить в текущей кодовой странице (1250)
D:\oaiplab12\ex2\ex2\ex2.cpp(30,13): warning C4566: символ, представленный универсальным именем символа "\u0431", невозможно представить в текущей кодовой странице (1250)
D:\oaiplab12\ex2\ex2\ex2.cpp(30,13): warning C4566: символ, представленный универсальным именем символа "\u043E", невозможно представить в текущей кодовой странице (1250)
D:\oaiplab12\ex2\ex2\ex2.cpp(30,13): warning C4566: символ, представленный универсальным именем символа "\u043B", невозможно представить в текущей кодовой странице (1250)
D:\oaiplab12\ex2\ex2\ex2.cpp(30,13): warning C4566: символ, представленный универсальным именем символа "\u044C", невозможно представить в текущей кодовой странице (1250)
D:\oaiplab12\ex2\ex2\ex2.cpp(30,13): warning C4566: символ, представленный универсальным именем символа "\u0448", невозможно представить в текущей кодовой странице (1250)
D:\oaiplab12\ex2\ex2\ex2.cpp(30,13): warning C4566: символ, представленный универсальным именем символа "\u0435", невозможно представить в текущей кодовой странице (1250)
D:\oaiplab12\ex2\ex2\ex2.cpp(30,13): warning C4566: символ, представленный универсальным именем символа "\u0447", невозможно представить в текущей кодовой странице (1250)
D:\oaiplab12\ex2\ex2\ex2.cpp(30,13): warning C4566: символ, представленный универсальным именем символа "\u0441", невозможно представить в текущей кодовой странице (1250)
D:\oaiplab12\ex2\ex2\ex2.cpp(30,13): warning C4566: символ, представленный универсальным именем символа "\u0432", невозможно представить в текущей кодовой странице (1250)
D:\oaiplab12\ex2\ex2\ex2.cpp(30,13): warning C4566: символ, представленный универсальным именем символа "\u043F", невозможно представить в текущей кодовой странице (1250)
D:\oaiplab12\ex2\ex2\ex2.cpp(30,13): warning C4566: символ, представленный универсальным именем символа "\u0440", невозможно представить в текущей кодовой странице (1250)
D:\oaiplab12\ex2\ex2\ex2.cpp(30,13): warning C4566: символ, представленный универсальным именем символа "\u043C", невозможно представить в текущей кодовой странице (1250)
D:\oaiplab12\ex2\ex2\ex2.cpp(30,13): warning C4566: символ, представленный универсальным именем символа "\u043A", невозможно представить в текущей кодовой странице (1250)
D:\oaiplab12\ex2\ex2\ex2.cpp(30,13): warning C4566: символ, представленный универсальным именем символа "\u0442", невозможно представить в текущей кодовой странице (1250)
D:\oaiplab12\ex2\ex2\ex2.cpp(30,13): warning C4566: символ, представленный универсальным именем символа "\u043D", невозможно представить в текущей кодовой странице (1250)
D:\oaiplab12\ex2\ex2\ex2.cpp(30,13): warning C4566: символ, представленный универсальным именем символа "\u0445", невозможно представить в текущей кодовой странице (1250)
D:\oaiplab12\ex2\ex2\ex2.cpp(30,13): warning C4566: символ, представленный универсальным именем символа "\u0434", невозможно представить в текущей кодовой странице (1250)
D:\oaiplab12\ex2\ex2\ex2.cpp(30,13): warning C4566: символ, представленный универсальным именем символа "\u0439", невозможно представить в текущей кодовой странице (1250)
  ex2.vcxproj -> D:\oaiplab12\ex2\x64\Debug\ex2.exe
