  ex1.cpp
D:\oaiplab15\ex1\ex1\ex1.cpp(7,13): warning C4566: символ, представленный универсальным именем символа "\u0412", невозможно представить в текущей кодовой странице (1250)
D:\oaiplab15\ex1\ex1\ex1.cpp(7,13): warning C4566: символ, представленный универсальным именем символа "\u0432", невозможно представить в текущей кодовой странице (1250)
D:\oaiplab15\ex1\ex1\ex1.cpp(7,13): warning C4566: символ, представленный универсальным именем символа "\u0435", невозможно представить в текущей кодовой странице (1250)
D:\oaiplab15\ex1\ex1\ex1.cpp(7,13): warning C4566: символ, представленный универсальным именем символа "\u0434", невозможно представить в текущей кодовой странице (1250)
D:\oaiplab15\ex1\ex1\ex1.cpp(7,13): warning C4566: символ, представленный универсальным именем символа "\u0438", невозможно представить в текущей кодовой странице (1250)
D:\oaiplab15\ex1\ex1\ex1.cpp(7,13): warning C4566: символ, представленный универсальным именем символа "\u0442", невозможно представить в текущей кодовой странице (1250)
D:\oaiplab15\ex1\ex1\ex1.cpp(7,13): warning C4566: символ, представленный универсальным именем символа "\u043A", невозможно представить в текущей кодовой странице (1250)
D:\oaiplab15\ex1\ex1\ex1.cpp(7,13): warning C4566: символ, представленный универсальным именем символа "\u043E", невозможно представить в текущей кодовой странице (1250)
D:\oaiplab15\ex1\ex1\ex1.cpp(7,13): warning C4566: символ, представленный универсальным именем символа "\u043B", невозможно представить в текущей кодовой странице (1250)
D:\oaiplab15\ex1\ex1\ex1.cpp(7,13): warning C4566: символ, представленный универсальным именем символа "\u0447", невозможно представить в текущей кодовой странице (1250)
D:\oaiplab15\ex1\ex1\ex1.cpp(7,13): warning C4566: символ, представленный универсальным именем символа "\u0441", невозможно представить в текущей кодовой странице (1250)
D:\oaiplab15\ex1\ex1\ex1.cpp(7,13): warning C4566: символ, представленный универсальным именем символа "\u044D", невозможно представить в текущей кодовой странице (1250)
D:\oaiplab15\ex1\ex1\ex1.cpp(7,13): warning C4566: символ, представленный универсальным именем символа "\u043C", невозможно представить в текущей кодовой странице (1250)
D:\oaiplab15\ex1\ex1\ex1.cpp(7,13): warning C4566: символ, представленный универсальным именем символа "\u043D", невозможно представить в текущей кодовой странице (1250)
D:\oaiplab15\ex1\ex1\ex1.cpp(7,13): warning C4566: символ, представленный универсальным именем символа "\u0430", невозможно представить в текущей кодовой странице (1250)
D:\oaiplab15\ex1\ex1\ex1.cpp(10,13): warning C4566: символ, представленный универсальным именем символа "\u0412", невозможно представить в текущей кодовой странице (1250)
D:\oaiplab15\ex1\ex1\ex1.cpp(10,13): warning C4566: символ, представленный универсальным именем символа "\u0432", невозможно представить в текущей кодовой странице (1250)
D:\oaiplab15\ex1\ex1\ex1.cpp(10,13): warning C4566: символ, представленный универсальным именем символа "\u0435", невозможно представить в текущей кодовой странице (1250)
D:\oaiplab15\ex1\ex1\ex1.cpp(10,13): warning C4566: символ, представленный универсальным именем символа "\u0434", невозможно представить в текущей кодовой странице (1250)
D:\oaiplab15\ex1\ex1\ex1.cpp(10,13): warning C4566: символ, представленный универсальным именем символа "\u0438", невозможно представить в текущей кодовой странице (1250)
D:\oaiplab15\ex1\ex1\ex1.cpp(10,13): warning C4566: символ, представленный универсальным именем символа "\u0442", невозможно представить в текущей кодовой странице (1250)
D:\oaiplab15\ex1\ex1\ex1.cpp(10,13): warning C4566: символ, представленный универсальным именем символа "\u044D", невозможно представить в текущей кодовой странице (1250)
D:\oaiplab15\ex1\ex1\ex1.cpp(10,13): warning C4566: символ, представленный универсальным именем символа "\u043B", невозможно представить в текущей кодовой странице (1250)
D:\oaiplab15\ex1\ex1\ex1.cpp(10,13): warning C4566: символ, представленный универсальным именем символа "\u043C", невозможно представить в текущей кодовой странице (1250)
D:\oaiplab15\ex1\ex1\ex1.cpp(10,13): warning C4566: символ, представленный универсальным именем символа "\u043D", невозможно представить в текущей кодовой странице (1250)
D:\oaiplab15\ex1\ex1\ex1.cpp(10,13): warning C4566: символ, представленный универсальным именем символа "\u044B", невозможно представить в текущей кодовой странице (1250)
D:\oaiplab15\ex1\ex1\ex1.cpp(10,13): warning C4566: символ, представленный универсальным именем символа "\u0430", невозможно представить в текущей кодовой странице (1250)
D:\oaiplab15\ex1\ex1\ex1.cpp(10,13): warning C4566: символ, представленный универсальным именем символа "\u0441", невозможно представить в текущей кодовой странице (1250)
D:\oaiplab15\ex1\ex1\ex1.cpp(30,13): warning C4566: символ, представленный универсальным именем символа "\u041A", невозможно представить в текущей кодовой странице (1250)
D:\oaiplab15\ex1\ex1\ex1.cpp(30,13): warning C4566: символ, представленный универсальным именем символа "\u043E", невозможно представить в текущей кодовой странице (1250)
D:\oaiplab15\ex1\ex1\ex1.cpp(30,13): warning C4566: символ, представленный универсальным именем символа "\u043B", невозможно представить в текущей кодовой странице (1250)
D:\oaiplab15\ex1\ex1\ex1.cpp(30,13): warning C4566: символ, представленный универсальным именем символа "\u0438", невозможно представить в текущей кодовой странице (1250)
D:\oaiplab15\ex1\ex1\ex1.cpp(30,13): warning C4566: символ, представленный универсальным именем символа "\u0447", невозможно представить в текущей кодовой странице (1250)
D:\oaiplab15\ex1\ex1\ex1.cpp(30,13): warning C4566: символ, представленный универсальным именем символа "\u0435", невозможно представить в текущей кодовой странице (1250)
D:\oaiplab15\ex1\ex1\ex1.cpp(30,13): warning C4566: символ, представленный универсальным именем символа "\u0441", невозможно представить в текущей кодовой странице (1250)
D:\oaiplab15\ex1\ex1\ex1.cpp(30,13): warning C4566: символ, представленный универсальным именем символа "\u0442", невозможно представить в текущей кодовой странице (1250)
D:\oaiplab15\ex1\ex1\ex1.cpp(30,13): warning C4566: символ, представленный универсальным именем символа "\u0432", невозможно представить в текущей кодовой странице (1250)
D:\oaiplab15\ex1\ex1\ex1.cpp(30,13): warning C4566: символ, представленный универсальным именем символа "\u0440", невозможно представить в текущей кодовой странице (1250)
D:\oaiplab15\ex1\ex1\ex1.cpp(30,13): warning C4566: символ, представленный универсальным именем символа "\u0446", невозможно представить в текущей кодовой странице (1250)
D:\oaiplab15\ex1\ex1\ex1.cpp(30,13): warning C4566: символ, представленный универсальным именем символа "\u0430", невозможно представить в текущей кодовой странице (1250)
D:\oaiplab15\ex1\ex1\ex1.cpp(30,13): warning C4566: символ, представленный универсальным именем символа "\u044C", невозможно представить в текущей кодовой странице (1250)
D:\oaiplab15\ex1\ex1\ex1.cpp(30,13): warning C4566: символ, представленный универсальным именем символа "\u043D", невозможно представить в текущей кодовой странице (1250)
D:\oaiplab15\ex1\ex1\ex1.cpp(30,13): warning C4566: символ, представленный универсальным именем символа "\u044B", невозможно представить в текущей кодовой странице (1250)
D:\oaiplab15\ex1\ex1\ex1.cpp(30,13): warning C4566: символ, представленный универсальным именем символа "\u0445", невозможно представить в текущей кодовой странице (1250)
D:\oaiplab15\ex1\ex1\ex1.cpp(30,13): warning C4566: символ, представленный универсальным именем символа "\u044D", невозможно представить в текущей кодовой странице (1250)
D:\oaiplab15\ex1\ex1\ex1.cpp(30,13): warning C4566: символ, представленный универсальным именем символа "\u043C", невозможно представить в текущей кодовой странице (1250)
D:\oaiplab15\ex1\ex1\ex1.cpp(31,13): warning C4566: символ, представленный универсальным именем символа "\u0421", невозможно представить в текущей кодовой странице (1250)
D:\oaiplab15\ex1\ex1\ex1.cpp(31,13): warning C4566: символ, представленный универсальным именем символа "\u0443", невозможно представить в текущей кодовой странице (1250)
D:\oaiplab15\ex1\ex1\ex1.cpp(31,13): warning C4566: символ, представленный универсальным именем символа "\u043C", невозможно представить в текущей кодовой странице (1250)
D:\oaiplab15\ex1\ex1\ex1.cpp(31,13): warning C4566: символ, представленный универсальным именем символа "\u0430", невозможно представить в текущей кодовой странице (1250)
D:\oaiplab15\ex1\ex1\ex1.cpp(31,13): warning C4566: символ, представленный универсальным именем символа "\u043E", невозможно представить в текущей кодовой странице (1250)
D:\oaiplab15\ex1\ex1\ex1.cpp(31,13): warning C4566: символ, представленный универсальным именем символа "\u0434", невозможно представить в текущей кодовой странице (1250)
D:\oaiplab15\ex1\ex1\ex1.cpp(31,13): warning C4566: символ, представленный универсальным именем символа "\u043B", невозможно представить в текущей кодовой странице (1250)
D:\oaiplab15\ex1\ex1\ex1.cpp(31,13): warning C4566: символ, представленный универсальным именем символа "\u0435", невозможно представить в текущей кодовой странице (1250)
D:\oaiplab15\ex1\ex1\ex1.cpp(31,13): warning C4566: символ, представленный универсальным именем символа "\u0439", невозможно представить в текущей кодовой странице (1250)
D:\oaiplab15\ex1\ex1\ex1.cpp(31,13): warning C4566: символ, представленный универсальным именем символа "\u044D", невозможно представить в текущей кодовой странице (1250)
D:\oaiplab15\ex1\ex1\ex1.cpp(31,13): warning C4566: символ, представленный универсальным именем символа "\u043D", невозможно представить в текущей кодовой странице (1250)
D:\oaiplab15\ex1\ex1\ex1.cpp(31,13): warning C4566: символ, представленный универсальным именем символа "\u0442", невозможно представить в текущей кодовой странице (1250)
D:\oaiplab15\ex1\ex1\ex1.cpp(31,13): warning C4566: символ, представленный универсальным именем символа "\u0432", невозможно представить в текущей кодовой странице (1250)
D:\oaiplab15\ex1\ex1\ex1.cpp(31,13): warning C4566: символ, представленный универсальным именем символа "\u0440", невозможно представить в текущей кодовой странице (1250)
D:\oaiplab15\ex1\ex1\ex1.cpp(31,13): warning C4566: символ, представленный универсальным именем символа "\u0441", невозможно представить в текущей кодовой странице (1250)
D:\oaiplab15\ex1\ex1\ex1.cpp(31,13): warning C4566: символ, представленный универсальным именем символа "\u043F", невозможно представить в текущей кодовой странице (1250)
D:\oaiplab15\ex1\ex1\ex1.cpp(31,13): warning C4566: символ, представленный универсальным именем символа "\u0436", невозможно представить в текущей кодовой странице (1250)
D:\oaiplab15\ex1\ex1\ex1.cpp(31,13): warning C4566: символ, представленный универсальным именем символа "\u044B", невозможно представить в текущей кодовой странице (1250)
D:\oaiplab15\ex1\ex1\ex1.cpp(31,13): warning C4566: символ, представленный универсальным именем символа "\u0445", невозможно представить в текущей кодовой странице (1250)
D:\oaiplab15\ex1\ex1\ex1.cpp(31,13): warning C4566: символ, представленный универсальным именем символа "\u0438", невозможно представить в текущей кодовой странице (1250)
D:\oaiplab15\ex1\ex1\ex1.cpp(31,13): warning C4566: символ, представленный универсальным именем символа "\u044C", невозможно представить в текущей кодовой странице (1250)
D:\oaiplab15\ex1\ex1\ex1.cpp(31,13): warning C4566: символ, представленный универсальным именем символа "\u0433", невозможно представить в текущей кодовой странице (1250)
D:\oaiplab15\ex1\ex1\ex1.cpp(31,13): warning C4566: символ, представленный универсальным именем символа "\u044E", невозможно представить в текущей кодовой странице (1250)
  ex1.vcxproj -> D:\oaiplab15\ex1\x64\Debug\ex1.exe
