  ex_12.cpp
D:\oaiplab18end\ex_12\ex_12\ex_12.cpp(11,18): warning C4566: символ, представленный универсальным именем символа "\u041E", невозможно представить в текущей кодовой странице (1250)
D:\oaiplab18end\ex_12\ex_12\ex_12.cpp(11,18): warning C4566: символ, представленный универсальным именем символа "\u0448", невозможно представить в текущей кодовой странице (1250)
D:\oaiplab18end\ex_12\ex_12\ex_12.cpp(11,18): warning C4566: символ, представленный универсальным именем символа "\u0438", невозможно представить в текущей кодовой странице (1250)
D:\oaiplab18end\ex_12\ex_12\ex_12.cpp(11,18): warning C4566: символ, представленный универсальным именем символа "\u0431", невозможно представить в текущей кодовой странице (1250)
D:\oaiplab18end\ex_12\ex_12\ex_12.cpp(11,18): warning C4566: символ, представленный универсальным именем символа "\u043A", невозможно представить в текущей кодовой странице (1250)
D:\oaiplab18end\ex_12\ex_12\ex_12.cpp(11,18): warning C4566: символ, представленный универсальным именем символа "\u0430", невозможно представить в текущей кодовой странице (1250)
D:\oaiplab18end\ex_12\ex_12\ex_12.cpp(11,18): warning C4566: символ, представленный универсальным именем символа "\u043F", невозможно представить в текущей кодовой странице (1250)
D:\oaiplab18end\ex_12\ex_12\ex_12.cpp(11,18): warning C4566: символ, представленный универсальным именем символа "\u0440", невозможно представить в текущей кодовой странице (1250)
D:\oaiplab18end\ex_12\ex_12\ex_12.cpp(11,18): warning C4566: символ, представленный универсальным именем символа "\u043E", невозможно представить в текущей кодовой странице (1250)
D:\oaiplab18end\ex_12\ex_12\ex_12.cpp(11,18): warning C4566: символ, представленный универсальным именем символа "\u0442", невозможно представить в текущей кодовой странице (1250)
D:\oaiplab18end\ex_12\ex_12\ex_12.cpp(11,18): warning C4566: символ, представленный универсальным именем символа "\u044B", невозможно представить в текущей кодовой странице (1250)
D:\oaiplab18end\ex_12\ex_12\ex_12.cpp(11,18): warning C4566: символ, представленный универсальным именем символа "\u0444", невозможно представить в текущей кодовой странице (1250)
D:\oaiplab18end\ex_12\ex_12\ex_12.cpp(11,18): warning C4566: символ, представленный универсальным именем символа "\u0439", невозможно представить в текущей кодовой странице (1250)
D:\oaiplab18end\ex_12\ex_12\ex_12.cpp(11,18): warning C4566: символ, представленный универсальным именем символа "\u043B", невозможно представить в текущей кодовой странице (1250)
D:\oaiplab18end\ex_12\ex_12\ex_12.cpp(11,18): warning C4566: символ, представленный универсальным именем символа "\u0432", невозможно представить в текущей кодовой странице (1250)
D:\oaiplab18end\ex_12\ex_12\ex_12.cpp(21,16): warning C4566: символ, представленный универсальным именем символа "\u041C", невозможно представить в текущей кодовой странице (1250)
D:\oaiplab18end\ex_12\ex_12\ex_12.cpp(21,16): warning C4566: символ, представленный универсальным именем символа "\u0430", невозможно представить в текущей кодовой странице (1250)
D:\oaiplab18end\ex_12\ex_12\ex_12.cpp(21,16): warning C4566: символ, представленный универсальным именем символа "\u0442", невозможно представить в текущей кодовой странице (1250)
D:\oaiplab18end\ex_12\ex_12\ex_12.cpp(21,16): warning C4566: символ, представленный универсальным именем символа "\u0440", невозможно представить в текущей кодовой странице (1250)
D:\oaiplab18end\ex_12\ex_12\ex_12.cpp(21,16): warning C4566: символ, представленный универсальным именем символа "\u0438", невозможно представить в текущей кодовой странице (1250)
D:\oaiplab18end\ex_12\ex_12\ex_12.cpp(21,16): warning C4566: символ, представленный универсальным именем символа "\u0446", невозможно представить в текущей кодовой странице (1250)
D:\oaiplab18end\ex_12\ex_12\ex_12.cpp(21,16): warning C4566: символ, представленный универсальным именем символа "\u044B", невозможно представить в текущей кодовой странице (1250)
D:\oaiplab18end\ex_12\ex_12\ex_12.cpp(21,16): warning C4566: символ, представленный универсальным именем символа "\u043D", невозможно представить в текущей кодовой странице (1250)
D:\oaiplab18end\ex_12\ex_12\ex_12.cpp(21,16): warning C4566: символ, представленный универсальным именем символа "\u0435", невозможно представить в текущей кодовой странице (1250)
D:\oaiplab18end\ex_12\ex_12\ex_12.cpp(21,16): warning C4566: символ, представленный универсальным именем символа "\u043B", невозможно представить в текущей кодовой странице (1250)
D:\oaiplab18end\ex_12\ex_12\ex_12.cpp(21,16): warning C4566: символ, представленный универсальным именем символа "\u044C", невозможно представить в текущей кодовой странице (1250)
D:\oaiplab18end\ex_12\ex_12\ex_12.cpp(21,16): warning C4566: символ, представленный универсальным именем символа "\u0437", невозможно представить в текущей кодовой странице (1250)
D:\oaiplab18end\ex_12\ex_12\ex_12.cpp(21,16): warning C4566: символ, представленный универсальным именем символа "\u044F", невозможно представить в текущей кодовой странице (1250)
D:\oaiplab18end\ex_12\ex_12\ex_12.cpp(21,16): warning C4566: символ, представленный универсальным именем символа "\u043F", невозможно представить в текущей кодовой странице (1250)
D:\oaiplab18end\ex_12\ex_12\ex_12.cpp(21,16): warning C4566: символ, представленный универсальным именем символа "\u043C", невозможно представить в текущей кодовой странице (1250)
D:\oaiplab18end\ex_12\ex_12\ex_12.cpp(21,16): warning C4566: символ, представленный универсальным именем символа "\u043E", невозможно представить в текущей кодовой странице (1250)
D:\oaiplab18end\ex_12\ex_12\ex_12.cpp(21,16): warning C4566: символ, представленный универсальным именем символа "\u0436", невозможно представить в текущей кодовой странице (1250)
D:\oaiplab18end\ex_12\ex_12\ex_12.cpp(86,12): warning C4566: символ, представленный универсальным именем символа "\u041F", невозможно представить в текущей кодовой странице (1250)
D:\oaiplab18end\ex_12\ex_12\ex_12.cpp(86,12): warning C4566: символ, представленный универсальным именем символа "\u0440", невозможно представить в текущей кодовой странице (1250)
D:\oaiplab18end\ex_12\ex_12\ex_12.cpp(86,12): warning C4566: символ, представленный универсальным именем символа "\u043E", невозможно представить в текущей кодовой странице (1250)
D:\oaiplab18end\ex_12\ex_12\ex_12.cpp(86,12): warning C4566: символ, представленный универсальным именем символа "\u0438", невозможно представить в текущей кодовой странице (1250)
D:\oaiplab18end\ex_12\ex_12\ex_12.cpp(86,12): warning C4566: символ, представленный универсальным именем символа "\u0437", невозможно представить в текущей кодовой странице (1250)
D:\oaiplab18end\ex_12\ex_12\ex_12.cpp(86,12): warning C4566: символ, представленный универсальным именем символа "\u0432", невозможно представить в текущей кодовой странице (1250)
D:\oaiplab18end\ex_12\ex_12\ex_12.cpp(86,12): warning C4566: символ, представленный универсальным именем символа "\u0435", невозможно представить в текущей кодовой странице (1250)
D:\oaiplab18end\ex_12\ex_12\ex_12.cpp(86,12): warning C4566: символ, представленный универсальным именем символа "\u0434", невозможно представить в текущей кодовой странице (1250)
D:\oaiplab18end\ex_12\ex_12\ex_12.cpp(86,12): warning C4566: символ, представленный универсальным именем символа "\u043D", невозможно представить в текущей кодовой странице (1250)
D:\oaiplab18end\ex_12\ex_12\ex_12.cpp(86,12): warning C4566: символ, представленный универсальным именем символа "\u043C", невозможно представить в текущей кодовой странице (1250)
D:\oaiplab18end\ex_12\ex_12\ex_12.cpp(86,12): warning C4566: символ, представленный универсальным именем символа "\u0430", невозможно представить в текущей кодовой странице (1250)
D:\oaiplab18end\ex_12\ex_12\ex_12.cpp(86,12): warning C4566: символ, представленный универсальным именем символа "\u0442", невозможно представить в текущей кодовой странице (1250)
D:\oaiplab18end\ex_12\ex_12\ex_12.cpp(86,12): warning C4566: символ, представленный универсальным именем символа "\u0446", невозможно представить в текущей кодовой странице (1250)
D:\oaiplab18end\ex_12\ex_12\ex_12.cpp(86,12): warning C4566: символ, представленный универсальным именем символа "\u043F", невозможно представить в текущей кодовой странице (1250)
D:\oaiplab18end\ex_12\ex_12\ex_12.cpp(86,12): warning C4566: символ, представленный универсальным именем символа "\u0441", невозможно представить в текущей кодовой странице (1250)
D:\oaiplab18end\ex_12\ex_12\ex_12.cpp(86,12): warning C4566: символ, представленный универсальным именем символа "\u0444", невозможно представить в текущей кодовой странице (1250)
D:\oaiplab18end\ex_12\ex_12\ex_12.cpp(86,12): warning C4566: символ, представленный универсальным именем символа "\u0439", невозможно представить в текущей кодовой странице (1250)
D:\oaiplab18end\ex_12\ex_12\ex_12.cpp(86,12): warning C4566: символ, представленный универсальным именем символа "\u043B", невозможно представить в текущей кодовой странице (1250)
  ex_12.vcxproj -> D:\oaiplab18end\ex_12\x64\Debug\ex_12.exe
