  ex1.cpp
D:\oaiplab14\ex1\ex1\ex1.cpp(29,13): warning C4566: символ, представленный универсальным именем символа "\u0412", невозможно представить в текущей кодовой странице (1250)
D:\oaiplab14\ex1\ex1\ex1.cpp(29,13): warning C4566: символ, представленный универсальным именем символа "\u0432", невозможно представить в текущей кодовой странице (1250)
D:\oaiplab14\ex1\ex1\ex1.cpp(29,13): warning C4566: символ, представленный универсальным именем символа "\u0435", невозможно представить в текущей кодовой странице (1250)
D:\oaiplab14\ex1\ex1\ex1.cpp(29,13): warning C4566: символ, представленный универсальным именем символа "\u0434", невозможно представить в текущей кодовой странице (1250)
D:\oaiplab14\ex1\ex1\ex1.cpp(29,13): warning C4566: символ, представленный универсальным именем символа "\u0438", невозможно представить в текущей кодовой странице (1250)
D:\oaiplab14\ex1\ex1\ex1.cpp(29,13): warning C4566: символ, представленный универсальным именем символа "\u0442", невозможно представить в текущей кодовой странице (1250)
D:\oaiplab14\ex1\ex1\ex1.cpp(29,13): warning C4566: символ, представленный универсальным именем символа "\u043B", невозможно представить в текущей кодовой странице (1250)
D:\oaiplab14\ex1\ex1\ex1.cpp(29,13): warning C4566: символ, представленный универсальным именем символа "\u043D", невозможно представить в текущей кодовой странице (1250)
D:\oaiplab14\ex1\ex1\ex1.cpp(29,13): warning C4566: символ, представленный универсальным именем символа "\u0443", невозможно представить в текущей кодовой странице (1250)
D:\oaiplab14\ex1\ex1\ex1.cpp(29,13): warning C4566: символ, представленный универсальным именем символа "\u043F", невозможно представить в текущей кодовой странице (1250)
D:\oaiplab14\ex1\ex1\ex1.cpp(29,13): warning C4566: символ, представленный универсальным именем символа "\u0430", невозможно представить в текущей кодовой странице (1250)
D:\oaiplab14\ex1\ex1\ex1.cpp(29,13): warning C4566: символ, представленный универсальным именем символа "\u0440", невозможно представить в текущей кодовой странице (1250)
D:\oaiplab14\ex1\ex1\ex1.cpp(29,13): warning C4566: символ, представленный универсальным именем символа "\u043E", невозможно представить в текущей кодовой странице (1250)
D:\oaiplab14\ex1\ex1\ex1.cpp(29,13): warning C4566: символ, представленный универсальным именем символа "\u044F", невозможно представить в текущей кодовой странице (1250)
D:\oaiplab14\ex1\ex1\ex1.cpp(31,13): warning C4566: символ, представленный универсальным именем символа "\u0412", невозможно представить в текущей кодовой странице (1250)
D:\oaiplab14\ex1\ex1\ex1.cpp(31,13): warning C4566: символ, представленный универсальным именем символа "\u0432", невозможно представить в текущей кодовой странице (1250)
D:\oaiplab14\ex1\ex1\ex1.cpp(31,13): warning C4566: символ, представленный универсальным именем символа "\u0435", невозможно представить в текущей кодовой странице (1250)
D:\oaiplab14\ex1\ex1\ex1.cpp(31,13): warning C4566: символ, представленный универсальным именем символа "\u0434", невозможно представить в текущей кодовой странице (1250)
D:\oaiplab14\ex1\ex1\ex1.cpp(31,13): warning C4566: символ, представленный универсальным именем символа "\u0438", невозможно представить в текущей кодовой странице (1250)
D:\oaiplab14\ex1\ex1\ex1.cpp(31,13): warning C4566: символ, представленный универсальным именем символа "\u0442", невозможно представить в текущей кодовой странице (1250)
D:\oaiplab14\ex1\ex1\ex1.cpp(31,13): warning C4566: символ, представленный универсальным именем символа "\u043D", невозможно представить в текущей кодовой странице (1250)
D:\oaiplab14\ex1\ex1\ex1.cpp(31,13): warning C4566: символ, представленный универсальным именем символа "\u0430", невозможно представить в текущей кодовой странице (1250)
D:\oaiplab14\ex1\ex1\ex1.cpp(31,13): warning C4566: символ, представленный универсальным именем символа "\u0447", невозможно представить в текущей кодовой странице (1250)
D:\oaiplab14\ex1\ex1\ex1.cpp(31,13): warning C4566: символ, представленный универсальным именем символа "\u043B", невозможно представить в текущей кодовой странице (1250)
D:\oaiplab14\ex1\ex1\ex1.cpp(31,13): warning C4566: символ, представленный универсальным именем символа "\u044C", невозможно представить в текущей кодовой странице (1250)
D:\oaiplab14\ex1\ex1\ex1.cpp(31,13): warning C4566: символ, представленный универсальным именем символа "\u044B", невозможно представить в текущей кодовой странице (1250)
D:\oaiplab14\ex1\ex1\ex1.cpp(31,13): warning C4566: символ, представленный универсальным именем символа "\u0439", невозможно представить в текущей кодовой странице (1250)
D:\oaiplab14\ex1\ex1\ex1.cpp(31,13): warning C4566: символ, представленный универсальным именем символа "\u043F", невозможно представить в текущей кодовой странице (1250)
D:\oaiplab14\ex1\ex1\ex1.cpp(31,13): warning C4566: символ, представленный универсальным именем символа "\u0440", невозможно представить в текущей кодовой странице (1250)
D:\oaiplab14\ex1\ex1\ex1.cpp(31,13): warning C4566: символ, представленный универсальным именем символа "\u043E", невозможно представить в текущей кодовой странице (1250)
  ex1.vcxproj -> D:\oaiplab14\ex1\x64\Debug\ex1.exe
