  ex2.cpp
D:\oaiplab11\ex2\ex2\ex2.cpp(36,13): warning C4566: символ, представленный универсальным именем символа "\u0427", невозможно представить в текущей кодовой странице (1250)
D:\oaiplab11\ex2\ex2\ex2.cpp(36,13): warning C4566: символ, представленный универсальным именем символа "\u0438", невозможно представить в текущей кодовой странице (1250)
D:\oaiplab11\ex2\ex2\ex2.cpp(36,13): warning C4566: символ, представленный универсальным именем символа "\u0441", невозможно представить в текущей кодовой странице (1250)
D:\oaiplab11\ex2\ex2\ex2.cpp(36,13): warning C4566: символ, представленный универсальным именем символа "\u043B", невозможно представить в текущей кодовой странице (1250)
D:\oaiplab11\ex2\ex2\ex2.cpp(36,13): warning C4566: символ, представленный универсальным именем символа "\u043E", невозможно представить в текущей кодовой странице (1250)
D:\oaiplab11\ex2\ex2\ex2.cpp(36,13): warning C4566: символ, представленный универсальным именем символа "\u0410", невозможно представить в текущей кодовой странице (1250)
D:\oaiplab11\ex2\ex2\ex2.cpp(36,13): warning C4566: символ, представленный универсальным именем символа "\u043F", невозможно представить в текущей кодовой странице (1250)
D:\oaiplab11\ex2\ex2\ex2.cpp(36,13): warning C4566: символ, представленный универсальным именем символа "\u0435", невозможно представить в текущей кодовой странице (1250)
D:\oaiplab11\ex2\ex2\ex2.cpp(36,13): warning C4566: символ, представленный универсальным именем символа "\u043D", невозможно представить в текущей кодовой странице (1250)
D:\oaiplab11\ex2\ex2\ex2.cpp(36,13): warning C4566: символ, представленный универсальным именем символа "\u0432", невозможно представить в текущей кодовой странице (1250)
D:\oaiplab11\ex2\ex2\ex2.cpp(36,13): warning C4566: символ, представленный универсальным именем символа "\u0440", невозможно представить в текущей кодовой странице (1250)
D:\oaiplab11\ex2\ex2\ex2.cpp(36,13): warning C4566: символ, представленный универсальным именем символа "\u0442", невозможно представить в текущей кодовой странице (1250)
D:\oaiplab11\ex2\ex2\ex2.cpp(36,13): warning C4566: символ, представленный универсальным именем символа "\u0430", невозможно представить в текущей кодовой странице (1250)
D:\oaiplab11\ex2\ex2\ex2.cpp(36,13): warning C4566: символ, представленный универсальным именем символа "\u044F", невозможно представить в текущей кодовой странице (1250)
D:\oaiplab11\ex2\ex2\ex2.cpp(37,13): warning C4566: символ, представленный универсальным именем символа "\u0427", невозможно представить в текущей кодовой странице (1250)
D:\oaiplab11\ex2\ex2\ex2.cpp(37,13): warning C4566: символ, представленный универсальным именем символа "\u0438", невозможно представить в текущей кодовой странице (1250)
D:\oaiplab11\ex2\ex2\ex2.cpp(37,13): warning C4566: символ, представленный универсальным именем символа "\u0441", невозможно представить в текущей кодовой странице (1250)
D:\oaiplab11\ex2\ex2\ex2.cpp(37,13): warning C4566: символ, представленный универсальным именем символа "\u043B", невозможно представить в текущей кодовой странице (1250)
D:\oaiplab11\ex2\ex2\ex2.cpp(37,13): warning C4566: символ, представленный универсальным именем символа "\u043E", невозможно представить в текущей кодовой странице (1250)
D:\oaiplab11\ex2\ex2\ex2.cpp(37,13): warning C4566: символ, представленный универсальным именем символа "\u0412", невозможно представить в текущей кодовой странице (1250)
D:\oaiplab11\ex2\ex2\ex2.cpp(37,13): warning C4566: символ, представленный универсальным именем символа "\u043F", невозможно представить в текущей кодовой странице (1250)
D:\oaiplab11\ex2\ex2\ex2.cpp(37,13): warning C4566: символ, представленный универсальным именем символа "\u0435", невозможно представить в текущей кодовой странице (1250)
D:\oaiplab11\ex2\ex2\ex2.cpp(37,13): warning C4566: символ, представленный универсальным именем символа "\u0437", невозможно представить в текущей кодовой странице (1250)
D:\oaiplab11\ex2\ex2\ex2.cpp(37,13): warning C4566: символ, представленный универсальным именем символа "\u0430", невозможно представить в текущей кодовой странице (1250)
D:\oaiplab11\ex2\ex2\ex2.cpp(37,13): warning C4566: символ, представленный универсальным именем символа "\u043C", невозможно представить в текущей кодовой странице (1250)
D:\oaiplab11\ex2\ex2\ex2.cpp(37,13): warning C4566: символ, представленный универсальным именем символа "\u043D", невозможно представить в текущей кодовой странице (1250)
D:\oaiplab11\ex2\ex2\ex2.cpp(37,13): warning C4566: символ, представленный универсальным именем символа "\u044B", невозможно представить в текущей кодовой странице (1250)
  ex2.vcxproj -> D:\oaiplab11\ex2\x64\Debug\ex2.exe
