  dops.cpp
D:\oaiplab16\laba16dops\dops\dops\dops.cpp(41,18): warning C4566: символ, представленный универсальным именем символа "\u0412", невозможно представить в текущей кодовой странице (1250)
D:\oaiplab16\laba16dops\dops\dops\dops.cpp(41,18): warning C4566: символ, представленный универсальным именем символа "\u0432", невозможно представить в текущей кодовой странице (1250)
D:\oaiplab16\laba16dops\dops\dops\dops.cpp(41,18): warning C4566: символ, представленный универсальным именем символа "\u0435", невозможно представить в текущей кодовой странице (1250)
D:\oaiplab16\laba16dops\dops\dops\dops.cpp(41,18): warning C4566: символ, представленный универсальным именем символа "\u0434", невозможно представить в текущей кодовой странице (1250)
D:\oaiplab16\laba16dops\dops\dops\dops.cpp(41,18): warning C4566: символ, представленный универсальным именем символа "\u0438", невозможно представить в текущей кодовой странице (1250)
D:\oaiplab16\laba16dops\dops\dops\dops.cpp(41,18): warning C4566: символ, представленный универсальным именем символа "\u0442", невозможно представить в текущей кодовой странице (1250)
D:\oaiplab16\laba16dops\dops\dops\dops.cpp(41,18): warning C4566: символ, представленный универсальным именем символа "\u0440", невозможно представить в текущей кодовой странице (1250)
D:\oaiplab16\laba16dops\dops\dops\dops.cpp(41,18): warning C4566: символ, представленный универсальным именем символа "\u0430", невозможно представить в текущей кодовой странице (1250)
D:\oaiplab16\laba16dops\dops\dops\dops.cpp(41,18): warning C4566: символ, представленный универсальным именем символа "\u0437", невозможно представить в текущей кодовой странице (1250)
D:\oaiplab16\laba16dops\dops\dops\dops.cpp(41,18): warning C4566: символ, представленный универсальным именем символа "\u043C", невозможно представить в текущей кодовой странице (1250)
D:\oaiplab16\laba16dops\dops\dops\dops.cpp(41,18): warning C4566: символ, представленный универсальным именем символа "\u043D", невозможно представить в текущей кодовой странице (1250)
D:\oaiplab16\laba16dops\dops\dops\dops.cpp(41,18): warning C4566: символ, представленный универсальным именем символа "\u043E", невозможно представить в текущей кодовой странице (1250)
D:\oaiplab16\laba16dops\dops\dops\dops.cpp(41,18): warning C4566: символ, представленный универсальным именем символа "\u0441", невозможно представить в текущей кодовой странице (1250)
D:\oaiplab16\laba16dops\dops\dops\dops.cpp(41,18): warning C4566: символ, представленный универсальным именем символа "\u044C", невозможно представить в текущей кодовой странице (1250)
D:\oaiplab16\laba16dops\dops\dops\dops.cpp(50,18): warning C4566: символ, представленный универсальным именем символа "\u0412", невозможно представить в текущей кодовой странице (1250)
D:\oaiplab16\laba16dops\dops\dops\dops.cpp(50,18): warning C4566: символ, представленный универсальным именем символа "\u0432", невозможно представить в текущей кодовой странице (1250)
D:\oaiplab16\laba16dops\dops\dops\dops.cpp(50,18): warning C4566: символ, представленный универсальным именем символа "\u0435", невозможно представить в текущей кодовой странице (1250)
D:\oaiplab16\laba16dops\dops\dops\dops.cpp(50,18): warning C4566: символ, представленный универсальным именем символа "\u0434", невозможно представить в текущей кодовой странице (1250)
D:\oaiplab16\laba16dops\dops\dops\dops.cpp(50,18): warning C4566: символ, представленный универсальным именем символа "\u0438", невозможно представить в текущей кодовой странице (1250)
D:\oaiplab16\laba16dops\dops\dops\dops.cpp(50,18): warning C4566: символ, представленный универсальным именем символа "\u0442", невозможно представить в текущей кодовой странице (1250)
D:\oaiplab16\laba16dops\dops\dops\dops.cpp(50,18): warning C4566: символ, представленный универсальным именем символа "\u044D", невозможно представить в текущей кодовой странице (1250)
D:\oaiplab16\laba16dops\dops\dops\dops.cpp(50,18): warning C4566: символ, представленный универсальным именем символа "\u043B", невозможно представить в текущей кодовой странице (1250)
D:\oaiplab16\laba16dops\dops\dops\dops.cpp(50,18): warning C4566: символ, представленный универсальным именем символа "\u043C", невозможно представить в текущей кодовой странице (1250)
D:\oaiplab16\laba16dops\dops\dops\dops.cpp(50,18): warning C4566: символ, представленный универсальным именем символа "\u043D", невозможно представить в текущей кодовой странице (1250)
D:\oaiplab16\laba16dops\dops\dops\dops.cpp(50,18): warning C4566: символ, представленный универсальным именем символа "\u044B", невозможно представить в текущей кодовой странице (1250)
D:\oaiplab16\laba16dops\dops\dops\dops.cpp(50,18): warning C4566: символ, представленный универсальным именем символа "\u0430", невозможно представить в текущей кодовой странице (1250)
D:\oaiplab16\laba16dops\dops\dops\dops.cpp(50,18): warning C4566: символ, представленный универсальным именем символа "\u0441", невозможно представить в текущей кодовой странице (1250)
D:\oaiplab16\laba16dops\dops\dops\dops.cpp(58,18): warning C4566: символ, представленный универсальным именем символа "\u0412", невозможно представить в текущей кодовой странице (1250)
D:\oaiplab16\laba16dops\dops\dops\dops.cpp(58,18): warning C4566: символ, представленный универсальным именем символа "\u044B", невозможно представить в текущей кодовой странице (1250)
D:\oaiplab16\laba16dops\dops\dops\dops.cpp(58,18): warning C4566: символ, представленный универсальным именем символа "\u0431", невозможно представить в текущей кодовой странице (1250)
D:\oaiplab16\laba16dops\dops\dops\dops.cpp(58,18): warning C4566: символ, представленный универсальным именем символа "\u0435", невозможно представить в текущей кодовой странице (1250)
D:\oaiplab16\laba16dops\dops\dops\dops.cpp(58,18): warning C4566: символ, представленный универсальным именем символа "\u0440", невозможно представить в текущей кодовой странице (1250)
D:\oaiplab16\laba16dops\dops\dops\dops.cpp(58,18): warning C4566: символ, представленный универсальным именем символа "\u0438", невозможно представить в текущей кодовой странице (1250)
D:\oaiplab16\laba16dops\dops\dops\dops.cpp(58,18): warning C4566: символ, представленный универсальным именем символа "\u0442", невозможно представить в текущей кодовой странице (1250)
D:\oaiplab16\laba16dops\dops\dops\dops.cpp(58,18): warning C4566: символ, представленный универсальным именем символа "\u043E", невозможно представить в текущей кодовой странице (1250)
D:\oaiplab16\laba16dops\dops\dops\dops.cpp(58,18): warning C4566: символ, представленный универсальным именем символа "\u043F", невозможно представить в текущей кодовой странице (1250)
D:\oaiplab16\laba16dops\dops\dops\dops.cpp(58,18): warning C4566: символ, представленный универсальным именем символа "\u0430", невозможно представить в текущей кодовой странице (1250)
D:\oaiplab16\laba16dops\dops\dops\dops.cpp(58,18): warning C4566: символ, представленный универсальным именем символа "\u0446", невозможно представить в текущей кодовой странице (1250)
D:\oaiplab16\laba16dops\dops\dops\dops.cpp(58,18): warning C4566: символ, представленный универсальным именем символа "\u044E", невозможно представить в текущей кодовой странице (1250)
D:\oaiplab16\laba16dops\dops\dops\dops.cpp(59,18): warning C4566: символ, представленный универсальным именем символа "\u0412", невозможно представить в текущей кодовой странице (1250)
D:\oaiplab16\laba16dops\dops\dops\dops.cpp(59,18): warning C4566: символ, представленный универсальным именем символа "\u044B", невозможно представить в текущей кодовой странице (1250)
D:\oaiplab16\laba16dops\dops\dops\dops.cpp(59,18): warning C4566: символ, представленный универсальным именем символа "\u0447", невозможно представить в текущей кодовой странице (1250)
D:\oaiplab16\laba16dops\dops\dops\dops.cpp(59,18): warning C4566: символ, представленный универсальным именем символа "\u0435", невозможно представить в текущей кодовой странице (1250)
D:\oaiplab16\laba16dops\dops\dops\dops.cpp(59,18): warning C4566: символ, представленный универсальным именем символа "\u0441", невозможно представить в текущей кодовой странице (1250)
D:\oaiplab16\laba16dops\dops\dops\dops.cpp(59,18): warning C4566: символ, представленный универсальным именем символа "\u0442", невозможно представить в текущей кодовой странице (1250)
D:\oaiplab16\laba16dops\dops\dops\dops.cpp(59,18): warning C4566: символ, представленный универсальным именем символа "\u044C", невозможно представить в текущей кодовой странице (1250)
D:\oaiplab16\laba16dops\dops\dops\dops.cpp(59,18): warning C4566: символ, представленный универсальным именем символа "\u0438", невозможно представить в текущей кодовой странице (1250)
D:\oaiplab16\laba16dops\dops\dops\dops.cpp(59,18): warning C4566: символ, представленный универсальным именем символа "\u0437", невозможно представить в текущей кодовой странице (1250)
D:\oaiplab16\laba16dops\dops\dops\dops.cpp(59,18): warning C4566: символ, представленный универсальным именем символа "\u043A", невозможно представить в текущей кодовой странице (1250)
D:\oaiplab16\laba16dops\dops\dops\dops.cpp(59,18): warning C4566: символ, представленный универсальным именем символа "\u0430", невозможно представить в текущей кодовой странице (1250)
D:\oaiplab16\laba16dops\dops\dops\dops.cpp(59,18): warning C4566: символ, представленный универсальным именем символа "\u0436", невозможно представить в текущей кодовой странице (1250)
D:\oaiplab16\laba16dops\dops\dops\dops.cpp(59,18): warning C4566: символ, представленный универсальным именем символа "\u0434", невозможно представить в текущей кодовой странице (1250)
D:\oaiplab16\laba16dops\dops\dops\dops.cpp(59,18): warning C4566: символ, представленный универсальным именем символа "\u043E", невозможно представить в текущей кодовой странице (1250)
D:\oaiplab16\laba16dops\dops\dops\dops.cpp(59,18): warning C4566: символ, представленный универсальным именем символа "\u0439", невозможно представить в текущей кодовой странице (1250)
D:\oaiplab16\laba16dops\dops\dops\dops.cpp(59,18): warning C4566: символ, представленный универсальным именем символа "\u0440", невозможно представить в текущей кодовой странице (1250)
D:\oaiplab16\laba16dops\dops\dops\dops.cpp(59,18): warning C4566: символ, представленный универсальным именем символа "\u043F", невозможно представить в текущей кодовой странице (1250)
D:\oaiplab16\laba16dops\dops\dops\dops.cpp(59,18): warning C4566: символ, представленный универсальным именем символа "\u0443", невозможно представить в текущей кодовой странице (1250)
D:\oaiplab16\laba16dops\dops\dops\dops.cpp(59,18): warning C4566: символ, представленный универсальным именем символа "\u0449", невозможно представить в текущей кодовой странице (1250)
D:\oaiplab16\laba16dops\dops\dops\dops.cpp(59,18): warning C4566: символ, представленный универсальным именем символа "\u044E", невозможно представить в текущей кодовой странице (1250)
D:\oaiplab16\laba16dops\dops\dops\dops.cpp(60,18): warning C4566: символ, представленный универсальным именем символа "\u041D", невозможно представить в текущей кодовой странице (1250)
D:\oaiplab16\laba16dops\dops\dops\dops.cpp(60,18): warning C4566: символ, представленный универсальным именем символа "\u0430", невозможно представить в текущей кодовой странице (1250)
D:\oaiplab16\laba16dops\dops\dops\dops.cpp(60,18): warning C4566: символ, представленный универсальным именем символа "\u0439", невозможно представить в текущей кодовой странице (1250)
D:\oaiplab16\laba16dops\dops\dops\dops.cpp(60,18): warning C4566: символ, представленный универсальным именем символа "\u0442", невозможно представить в текущей кодовой странице (1250)
D:\oaiplab16\laba16dops\dops\dops\dops.cpp(60,18): warning C4566: символ, представленный универсальным именем символа "\u0438", невозможно представить в текущей кодовой странице (1250)
D:\oaiplab16\laba16dops\dops\dops\dops.cpp(60,18): warning C4566: символ, представленный универсальным именем символа "\u0441", невозможно представить в текущей кодовой странице (1250)
D:\oaiplab16\laba16dops\dops\dops\dops.cpp(60,18): warning C4566: символ, представленный универсальным именем символа "\u0443", невозможно представить в текущей кодовой странице (1250)
D:\oaiplab16\laba16dops\dops\dops\dops.cpp(60,18): warning C4566: символ, представленный универсальным именем символа "\u043C", невозможно представить в текущей кодовой странице (1250)
D:\oaiplab16\laba16dops\dops\dops\dops.cpp(60,18): warning C4566: символ, представленный универсальным именем символа "\u0447", невозможно представить в текущей кодовой странице (1250)
D:\oaiplab16\laba16dops\dops\dops\dops.cpp(60,18): warning C4566: символ, представленный универсальным именем символа "\u0435", невозможно представить в текущей кодовой странице (1250)
D:\oaiplab16\laba16dops\dops\dops\dops.cpp(60,18): warning C4566: символ, представленный универсальным именем символа "\u043B", невозможно представить в текущей кодовой странице (1250)
D:\oaiplab16\laba16dops\dops\dops\dops.cpp(60,18): warning C4566: символ, представленный универсальным именем символа "\u0432", невозможно представить в текущей кодовой странице (1250)
D:\oaiplab16\laba16dops\dops\dops\dops.cpp(60,18): warning C4566: символ, представленный универсальным именем символа "\u0440", невозможно представить в текущей кодовой странице (1250)
D:\oaiplab16\laba16dops\dops\dops\dops.cpp(60,18): warning C4566: символ, представленный универсальным именем символа "\u043E", невозможно представить в текущей кодовой странице (1250)
D:\oaiplab16\laba16dops\dops\dops\dops.cpp(60,18): warning C4566: символ, представленный универсальным именем символа "\u043A", невозможно представить в текущей кодовой странице (1250)
D:\oaiplab16\laba16dops\dops\dops\dops.cpp(68,22): warning C4566: символ, представленный универсальным именем символа "\u041F", невозможно представить в текущей кодовой странице (1250)
D:\oaiplab16\laba16dops\dops\dops\dops.cpp(68,22): warning C4566: символ, представленный универсальным именем символа "\u043E", невозможно представить в текущей кодовой странице (1250)
D:\oaiplab16\laba16dops\dops\dops\dops.cpp(68,22): warning C4566: символ, представленный универсальным именем символа "\u043B", невозможно представить в текущей кодовой странице (1250)
D:\oaiplab16\laba16dops\dops\dops\dops.cpp(68,22): warning C4566: символ, представленный универсальным именем символа "\u0443", невозможно представить в текущей кодовой странице (1250)
D:\oaiplab16\laba16dops\dops\dops\dops.cpp(68,22): warning C4566: символ, представленный универсальным именем символа "\u0447", невозможно представить в текущей кодовой странице (1250)
D:\oaiplab16\laba16dops\dops\dops\dops.cpp(68,22): warning C4566: символ, представленный универсальным именем символа "\u0438", невозможно представить в текущей кодовой странице (1250)
D:\oaiplab16\laba16dops\dops\dops\dops.cpp(68,22): warning C4566: символ, представленный универсальным именем символа "\u0432", невозможно представить в текущей кодовой странице (1250)
D:\oaiplab16\laba16dops\dops\dops\dops.cpp(68,22): warning C4566: символ, представленный универсальным именем символа "\u0448", невозможно представить в текущей кодовой странице (1250)
D:\oaiplab16\laba16dops\dops\dops\dops.cpp(68,22): warning C4566: символ, представленный универсальным именем символа "\u0439", невозможно представить в текущей кодовой странице (1250)
D:\oaiplab16\laba16dops\dops\dops\dops.cpp(68,22): warning C4566: символ, представленный универсальным именем символа "\u0441", невозможно представить в текущей кодовой странице (1250)
D:\oaiplab16\laba16dops\dops\dops\dops.cpp(68,22): warning C4566: символ, представленный универсальным именем символа "\u044F", невозможно представить в текущей кодовой странице (1250)
D:\oaiplab16\laba16dops\dops\dops\dops.cpp(68,22): warning C4566: символ, представленный универсальным именем символа "\u043C", невозможно представить в текущей кодовой странице (1250)
D:\oaiplab16\laba16dops\dops\dops\dops.cpp(68,22): warning C4566: символ, представленный универсальным именем символа "\u0430", невозможно представить в текущей кодовой странице (1250)
D:\oaiplab16\laba16dops\dops\dops\dops.cpp(82,22): warning C4566: символ, представленный универсальным именем символа "\u0412", невозможно представить в текущей кодовой странице (1250)
D:\oaiplab16\laba16dops\dops\dops\dops.cpp(82,22): warning C4566: символ, представленный универсальным именем символа "\u0432", невозможно представить в текущей кодовой странице (1250)
D:\oaiplab16\laba16dops\dops\dops\dops.cpp(82,22): warning C4566: символ, представленный универсальным именем символа "\u0435", невозможно представить в текущей кодовой странице (1250)
D:\oaiplab16\laba16dops\dops\dops\dops.cpp(82,22): warning C4566: символ, представленный универсальным именем символа "\u0434", невозможно представить в текущей кодовой странице (1250)
D:\oaiplab16\laba16dops\dops\dops\dops.cpp(82,22): warning C4566: символ, представленный универсальным именем символа "\u0438", невозможно представить в текущей кодовой странице (1250)
D:\oaiplab16\laba16dops\dops\dops\dops.cpp(82,22): warning C4566: символ, представленный универсальным именем символа "\u0442", невозможно представить в текущей кодовой странице (1250)
D:\oaiplab16\laba16dops\dops\dops\dops.cpp(82,22): warning C4566: символ, представленный универсальным именем символа "\u0441", невозможно представить в текущей кодовой странице (1250)
D:\oaiplab16\laba16dops\dops\dops\dops.cpp(82,22): warning C4566: символ, представленный универсальным именем символа "\u0440", невозможно представить в текущей кодовой странице (1250)
D:\oaiplab16\laba16dops\dops\dops\dops.cpp(82,22): warning C4566: символ, представленный универсальным именем символа "\u043E", невозможно представить в текущей кодовой странице (1250)
D:\oaiplab16\laba16dops\dops\dops\dops.cpp(82,22): warning C4566: символ, представленный универсальным именем символа "\u043A", невозможно представить в текущей кодовой странице (1250)
D:\oaiplab16\laba16dops\dops\dops\dops.cpp(82,22): warning C4566: символ, представленный универсальным именем символа "\u0443", невозможно представить в текущей кодовой странице (1250)
D:\oaiplab16\laba16dops\dops\dops\dops.cpp(86,22): warning C4566: символ, представленный универсальным именем символа "\u0421", невозможно представить в текущей кодовой странице (1250)
D:\oaiplab16\laba16dops\dops\dops\dops.cpp(86,22): warning C4566: символ, представленный универсальным именем символа "\u0443", невозможно представить в текущей кодовой странице (1250)
D:\oaiplab16\laba16dops\dops\dops\dops.cpp(86,22): warning C4566: символ, представленный универсальным именем символа "\u043C", невозможно представить в текущей кодовой странице (1250)
D:\oaiplab16\laba16dops\dops\dops\dops.cpp(86,22): warning C4566: символ, представленный универсальным именем символа "\u0430", невозможно представить в текущей кодовой странице (1250)
D:\oaiplab16\laba16dops\dops\dops\dops.cpp(86,22): warning C4566: символ, представленный универсальным именем символа "\u0447", невозможно представить в текущей кодовой странице (1250)
D:\oaiplab16\laba16dops\dops\dops\dops.cpp(86,22): warning C4566: символ, представленный универсальным именем символа "\u0438", невозможно представить в текущей кодовой странице (1250)
D:\oaiplab16\laba16dops\dops\dops\dops.cpp(86,22): warning C4566: символ, представленный универсальным именем символа "\u0441", невозможно представить в текущей кодовой странице (1250)
D:\oaiplab16\laba16dops\dops\dops\dops.cpp(86,22): warning C4566: символ, представленный универсальным именем символа "\u0435", невозможно представить в текущей кодовой странице (1250)
D:\oaiplab16\laba16dops\dops\dops\dops.cpp(86,22): warning C4566: символ, представленный универсальным именем символа "\u043B", невозможно представить в текущей кодовой странице (1250)
D:\oaiplab16\laba16dops\dops\dops\dops.cpp(86,22): warning C4566: символ, представленный универсальным именем символа "\u0432", невозможно представить в текущей кодовой странице (1250)
D:\oaiplab16\laba16dops\dops\dops\dops.cpp(86,22): warning C4566: символ, представленный универсальным именем символа "\u0442", невозможно представить в текущей кодовой странице (1250)
D:\oaiplab16\laba16dops\dops\dops\dops.cpp(86,22): warning C4566: символ, представленный универсальным именем символа "\u0440", невозможно представить в текущей кодовой странице (1250)
D:\oaiplab16\laba16dops\dops\dops\dops.cpp(86,22): warning C4566: символ, представленный универсальным именем символа "\u043E", невозможно представить в текущей кодовой странице (1250)
D:\oaiplab16\laba16dops\dops\dops\dops.cpp(86,22): warning C4566: символ, представленный универсальным именем символа "\u043A", невозможно представить в текущей кодовой странице (1250)
  dops.vcxproj -> D:\oaiplab16\laba16dops\dops\x64\Debug\dops.exe
