  labdop1.cpp
D:\oaiplab7\labdop1\labdop1\labdop1.cpp(12,22): warning C4305: инициализация: усечение из "double" в "float"
D:\oaiplab7\labdop1\labdop1\labdop1.cpp(12,28): warning C4305: инициализация: усечение из "double" в "float"
D:\oaiplab7\labdop1\labdop1\labdop1.cpp(12,36): warning C4305: инициализация: усечение из "double" в "float"
D:\oaiplab7\labdop1\labdop1\labdop1.cpp(22,17): warning C4244: +=: преобразование "float" в "int", возможна потеря данных
D:\oaiplab7\labdop1\labdop1\labdop1.cpp(27,10): warning C4566: символ, представленный универсальным именем символа "\u0426", невозможно представить в текущей кодовой странице (1250)
D:\oaiplab7\labdop1\labdop1\labdop1.cpp(27,10): warning C4566: символ, представленный универсальным именем символа "\u0435", невозможно представить в текущей кодовой странице (1250)
D:\oaiplab7\labdop1\labdop1\labdop1.cpp(27,10): warning C4566: символ, представленный универсальным именем символа "\u043B", невозможно представить в текущей кодовой странице (1250)
D:\oaiplab7\labdop1\labdop1\labdop1.cpp(27,10): warning C4566: символ, представленный универсальным именем символа "\u044B", невозможно представить в текущей кодовой странице (1250)
D:\oaiplab7\labdop1\labdop1\labdop1.cpp(27,10): warning C4566: символ, представленный универсальным именем символа "\u0445", невозможно представить в текущей кодовой странице (1250)
D:\oaiplab7\labdop1\labdop1\labdop1.cpp(27,10): warning C4566: символ, представленный универсальным именем символа "\u0447", невозможно представить в текущей кодовой странице (1250)
D:\oaiplab7\labdop1\labdop1\labdop1.cpp(27,10): warning C4566: символ, представленный универсальным именем символа "\u0438", невозможно представить в текущей кодовой странице (1250)
D:\oaiplab7\labdop1\labdop1\labdop1.cpp(27,10): warning C4566: символ, представленный универсальным именем символа "\u0441", невозможно представить в текущей кодовой странице (1250)
D:\oaiplab7\labdop1\labdop1\labdop1.cpp(27,59): warning C4566: символ, представленный универсальным именем символа "\u0421", невозможно представить в текущей кодовой странице (1250)
D:\oaiplab7\labdop1\labdop1\labdop1.cpp(27,59): warning C4566: символ, представленный универсальным именем символа "\u0443", невозможно представить в текущей кодовой странице (1250)
D:\oaiplab7\labdop1\labdop1\labdop1.cpp(27,59): warning C4566: символ, представленный универсальным именем символа "\u043C", невозможно представить в текущей кодовой странице (1250)
D:\oaiplab7\labdop1\labdop1\labdop1.cpp(27,59): warning C4566: символ, представленный универсальным именем символа "\u0430", невозможно представить в текущей кодовой странице (1250)
D:\oaiplab7\labdop1\labdop1\labdop1.cpp(27,59): warning C4566: символ, представленный универсальным именем символа "\u0447", невозможно представить в текущей кодовой странице (1250)
D:\oaiplab7\labdop1\labdop1\labdop1.cpp(27,59): warning C4566: символ, представленный универсальным именем символа "\u0435", невозможно представить в текущей кодовой странице (1250)
D:\oaiplab7\labdop1\labdop1\labdop1.cpp(27,59): warning C4566: символ, представленный универсальным именем символа "\u0442", невозможно представить в текущей кодовой странице (1250)
D:\oaiplab7\labdop1\labdop1\labdop1.cpp(27,59): warning C4566: символ, представленный универсальным именем символа "\u043D", невозможно представить в текущей кодовой странице (1250)
D:\oaiplab7\labdop1\labdop1\labdop1.cpp(27,59): warning C4566: символ, представленный универсальным именем символа "\u044B", невозможно представить в текущей кодовой странице (1250)
D:\oaiplab7\labdop1\labdop1\labdop1.cpp(27,59): warning C4566: символ, представленный универсальным именем символа "\u0445", невозможно представить в текущей кодовой странице (1250)
D:\oaiplab7\labdop1\labdop1\labdop1.cpp(27,59): warning C4566: символ, представленный универсальным именем символа "\u0438", невозможно представить в текущей кодовой странице (1250)
D:\oaiplab7\labdop1\labdop1\labdop1.cpp(27,59): warning C4566: символ, представленный универсальным именем символа "\u0441", невозможно представить в текущей кодовой странице (1250)
D:\oaiplab7\labdop1\labdop1\labdop1.cpp(27,59): warning C4566: символ, представленный универсальным именем символа "\u043B", невозможно представить в текущей кодовой странице (1250)
  labdop1.vcxproj -> D:\oaiplab7\labdop1\x64\Debug\labdop1.exe
